<?xml version="1.0" encoding="UTF-8"?>
<!-- Generated by org.testng.reporters.JUnitReportReporter -->
<testsuite hostname="DESKTOP-QTVLTBC" failures="0" tests="2" name="com.AdminDashboard.AddEmployees" time="12.208" errors="0" timestamp="2023-09-20T19:20:15 IST" skipped="0">
  <testcase classname="com.AdminDashboard.AddEmployees" name="Login" time="4.834"/>
  <system-out/>
  <testcase classname="com.AdminDashboard.AddEmployees" name="AddEmployee" time="7.374"/>
  <system-out/>
</testsuite> <!-- com.AdminDashboard.AddEmployees -->
