<?xml version="1.0" encoding="UTF-8"?>
<!-- Generated by org.testng.reporters.JUnitReportReporter -->
<testsuite hostname="DESKTOP-QTVLTBC" failures="0" tests="2" name="com.Log4jOrangeHRMLoginPage.PropertiesFileOrangeHRMLoginPage" time="3.973" errors="0" timestamp="2023-09-19T22:58:55 IST" skipped="0">
  <testcase classname="com.Log4jOrangeHRMLoginPage.PropertiesFileOrangeHRMLoginPage" name="Login" time="3.359"/>
  <system-out/>
  <testcase classname="com.Log4jOrangeHRMLoginPage.PropertiesFileOrangeHRMLoginPage" name="LogOut" time="0.614"/>
  <system-out/>
</testsuite> <!-- com.Log4jOrangeHRMLoginPage.PropertiesFileOrangeHRMLoginPage -->
