<?xml version="1.0" encoding="UTF-8"?>
<!-- Generated by org.testng.reporters.JUnitReportReporter -->
<testsuite hostname="DESKTOP-QTVLTBC" failures="0" tests="1" name="com.BaseTest.DriverSetup" time="2.990" errors="0" timestamp="2023-09-17T11:55:01 IST" skipped="0">
  <testcase classname="com.BaseTest.DriverSetup" name="Setup" time="2.990"/>
  <system-out/>
</testsuite> <!-- com.BaseTest.DriverSetup -->
