<?xml version="1.0" encoding="UTF-8"?>
<!-- Generated by org.testng.reporters.JUnitReportReporter -->
<testsuite hostname="DESKTOP-QTVLTBC" failures="0" tests="2" name="com.PropertiesFileLoginPage.PropertiesFileOrangeHRMLoginPage" time="4.065" errors="0" timestamp="2023-09-18T21:57:29 IST" skipped="0">
  <testcase classname="com.PropertiesFileLoginPage.PropertiesFileOrangeHRMLoginPage" name="Login" time="3.456"/>
  <system-out/>
  <testcase classname="com.PropertiesFileLoginPage.PropertiesFileOrangeHRMLoginPage" name="LogOut" time="0.609"/>
  <system-out/>
</testsuite> <!-- com.PropertiesFileLoginPage.PropertiesFileOrangeHRMLoginPage -->
