<?xml version="1.0" encoding="UTF-8"?>
<!-- Generated by org.testng.reporters.JUnitReportReporter -->
<testsuite hostname="DESKTOP-QTVLTBC" failures="0" tests="2" name="com.LoginPage.OrangeHRMLoginPage" time="3.292" errors="0" timestamp="2023-09-20T19:12:00 IST" skipped="1">
  <testcase classname="com.LoginPage.OrangeHRMLoginPage" name="Login" time="3.292"/>
  <system-out/>
  <testcase classname="com.LoginPage.OrangeHRMLoginPage" name="LogOut">
    <skipped/>
  </testcase> <!-- LogOut -->
  <system-out/>
</testsuite> <!-- com.LoginPage.OrangeHRMLoginPage -->
