<?xml version="1.0" encoding="UTF-8"?>
<!-- Generated by org.testng.reporters.JUnitReportReporter -->
<testsuite hostname="DESKTOP-QTVLTBC" failures="0" tests="2" name="com.Log4jAdminDashboard.Log4jAddEmployees" time="9.840" errors="0" timestamp="2023-09-20T18:49:56 IST" skipped="0">
  <testcase classname="com.Log4jAdminDashboard.Log4jAddEmployees" name="Login" time="3.328"/>
  <system-out/>
  <testcase classname="com.Log4jAdminDashboard.Log4jAddEmployees" name="AddEmployee" time="6.512"/>
  <system-out/>
</testsuite> <!-- com.Log4jAdminDashboard.Log4jAddEmployees -->
