<?xml version="1.0" encoding="UTF-8"?>
<!-- Generated by org.testng.reporters.JUnitReportReporter -->
<testsuite hostname="DESKTOP-QTVLTBC" failures="0" tests="1" name="com.Setup.DriverSetup" time="3.975" errors="0" timestamp="2023-09-12T17:38:32 IST" skipped="0">
  <testcase classname="com.Setup.DriverSetup" name="ApplicationLaunch" time="3.975"/>
  <system-out/>
</testsuite> <!-- com.Setup.DriverSetup -->
