<?xml version="1.0" encoding="UTF-8"?>
<!-- Generated by org.testng.reporters.JUnitReportReporter -->
<testsuite hostname="DESKTOP-QTVLTBC" failures="0" tests="2" name="com.ExcelLoginPage.ExcelOrangeHRMLoginPage" time="3.998" errors="0" timestamp="2023-09-19T20:51:32 IST" skipped="0">
  <testcase classname="com.ExcelLoginPage.ExcelOrangeHRMLoginPage" name="Login" time="3.362"/>
  <system-out/>
  <testcase classname="com.ExcelLoginPage.ExcelOrangeHRMLoginPage" name="LogOut" time="0.636"/>
  <system-out/>
</testsuite> <!-- com.ExcelLoginPage.ExcelOrangeHRMLoginPage -->
